<?xml version="1.0" encoding="UTF-8"?>
<!-- Generated by org.testng.reporters.JUnitReportReporter -->
<testsuite hostname="DESKTOP-LKH3S21" name="test.Sample" tests="5" failures="0" timestamp="15 Feb 2021 12:44:19 GMT" time="3.906" errors="0">
  <testcase name="test_addNewVideoGame" time="0.452" classname="test.Sample"/>
  <testcase name="test_getAllVideoGames" time="2.280" classname="test.Sample"/>
  <testcase name="test_DeleteVideoGame" time="0.027" classname="test.Sample"/>
  <testcase name="test_getVideoGame" time="1.035" classname="test.Sample"/>
  <testcase name="test_UpdateVideoGame" time="0.112" classname="test.Sample"/>
</testsuite> <!-- test.Sample -->
